Arguments: 
  D:\Nodejs\node.exe C:\Users\LongYinStudio\AppData\Roaming\npm\node_modules\yarn\bin\yarn.js install

PATH: 
  C:\Program Files\PowerShell\7;C:\Program Files (x86)\Common Files\Oracle\Java\javapath;C:\Program Files (x86)\VMware\VMware Workstation\bin\;C:\WINDOWS\system32;C:\WINDOWS;C:\WINDOWS\System32\Wbem;C:\WINDOWS\System32\WindowsPowerShell\v1.0\;C:\WINDOWS\System32\OpenSSH\;C:\Program Files\Git\cmd;C:\Program Files (x86)\oh-my-posh\bin;C:\ProgramData\ComposerSetup\bin;C:\Program Files (x86)\Tencent\微信web开发者工具\dll;D:\devTools\nvm;D:\Nodejs;C:\Program Files\PowerShell\7\;C:\ProgramData\chocolatey\bin;C:\Users\LongYinStudio\.cargo\bin;C:\Users\LongYinStudio\AppData\Local\pnpm;C:\Users\LongYinStudio\AppData\Local\Microsoft\WindowsApps;C:\Program Files\Bandizip\;C:\Users\LongYinStudio\AppData\Local\Programs\Microsoft VS Code\bin;D:\devTools\android_tools;D:\devTools\python\Python39;D:\devTools\python\Python39\Scripts;C:\Users\LongYinStudio\AppData\Roaming\npm;D:\devTools\mingw64\bin;C:\Users\LongYinStudio\AppData\Local\Android\Sdk;D:\MySQL\mysql-8.0.28-winx64\bin;D:\Java\jdk1.8.0_311\bin;C:\Software\Fiddler;D:\devTools\nginx-1.22.0;D:\devTools\sqlite;C:\Users\LongYinStudio\AppData\Local\JetBrains\Toolbox\scripts;C:\Users\LongYinStudio\AppData\Roaming\Composer\vendor\bin;D:\devTools\go\go1.20.1.windows-amd64\go\bin;C:\Program Files\Oracle\VirtualBox;D:\devTools\mongodb\bin;D:\devTools\mongosh\bin;D:\devTools\php-8.1.4-Win32-vs16-x64;C:\Users\LongYinStudio\AppData\Local\Programs\Hyper\resources\bin;C:\Users\LongYinStudio\AppData\Local\Yarn\bin;D:\devTools\nvm;D:\Nodejs;C:\Users\LongYinStudio\AppData\Local\Microsoft\WindowsApps;D:\devTools\lua\lua-5.4.2_Win64_bin;C:\Users\LongYinStudio\AppData\Local\pnpm\global\5\.pnpm\@vscode+vsce@2.20.0\node_modules\@vscode\vsce\node_modules\.bin;

Yarn version: 
  1.22.19

Node version: 
  16.20.1

Platform: 
  win32 x64

Trace: 
  Error: ENOENT: no such file or directory, copyfile 'C:\Users\LongYinStudio\AppData\Local\Yarn\Cache\v6\npm-estraverse-4.3.0-398ad3f3c5a24948be7725e83d11a7de28cdbd1d-integrity\node_modules\estraverse\.jshintrc' -> 'C:\Users\LongYinStudio\Desktop\myGitPro\lightweight-sedentary-reminder\node_modules\@typescript-eslint\utils\node_modules\estraverse\.jshintrc'

npm manifest: 
  {
    "name": "lightweight-sedentary-reminder",
    "displayName": "Lightweight-Sedentary-Reminder",
    "description": "轻量级的久坐提醒",
    "version": "0.0.1",
    "publisher": "LongYinStudio",
    "icon": "icon.jpg",
    "repository": {
      "type": "git",
      "url": "https://github.com/LongYinStudio/vscode-Lightweight-Sedentary-Reminder"
    },
    "engines": {
      "vscode": "^1.81.0"
    },
    "categories": [
      "Other"
    ],
    "keywords": [
      "久坐提醒",
      "Sedentary-Reminder",
      "轻量级的久坐提醒",
      "Lightweight-Sedentary-Reminder"
    ],
    "activationEvents": [],
    "main": "./out/extension.js",
    "contributes": {
      "commands": [
        {
          "command": "lightweight-sedentary-reminder.toast",
          "title": "toast"
        }
      ]
    },
    "scripts": {
      "vscode:prepublish": "pnpm run compile",
      "compile": "tsc -p ./",
      "watch": "tsc -watch -p ./",
      "pretest": "pnpm run compile && pnpm run lint",
      "lint": "eslint src --ext ts",
      "test": "node ./out/test/runTest.js"
    },
    "devDependencies": {
      "@types/glob": "^8.1.0",
      "@types/mocha": "^10.0.1",
      "@types/node": "20.2.5",
      "@types/vscode": "^1.81.0",
      "@typescript-eslint/eslint-plugin": "^5.59.8",
      "@typescript-eslint/parser": "^5.59.8",
      "@vscode/test-electron": "^2.3.2",
      "eslint": "^8.41.0",
      "glob": "^8.1.0",
      "mocha": "^10.2.0",
      "typescript": "^5.1.3"
    }
  }

yarn manifest: 
  No manifest

Lockfile: 
  No lockfile
